================================================================================
Appcelerator Titanium Diagnostics Build Log
The contents of this file are useful to send to Appcelerator Support if
reporting an issue to help us understand your environment, build settings
and aid in debugging. Please attach this log to any issue that you report.
================================================================================

Starting build at 03/16/12 18:21

Build details:

   timestamp=02/23/12 17:46
   module_apiversion=2
   version=1.8.2
   githash=59b3a90


Script arguments:
   /Users/mshk/Library/Application Support/Titanium/mobilesdk/osx/1.8.2/iphone/builder.py
   simulator
   5.0
   /Users/mshk/Documents/Titanium Studio Workspace/JoliJSSample
   jp.andmore.jolijssample
   JoliJSSample
   universal
   iphone
   

Building from: /Users/mshk/Library/Application Support/Titanium/mobilesdk/osx/1.8.2/iphone
Platform: Darwin Kernel Version 11.3.0: Thu Jan 12 18:48:32 PST 2012; root:xnu-1699.24.23~1/RELEASE_I386

Xcode path is: /Developer


githash=59b3a90, existing_git_hash=59b3a90
writing contents of /Users/mshk/Documents/Titanium Studio Workspace/JoliJSSample/build/iphone/project.xcconfig:

TI_VERSION=1.8.2
TI_SDK_DIR=/Users/mshk/Library/Application Support/Titanium/mobilesdk/osx/$(TI_VERSION)/iphone
TI_APPID=jp.andmore.jolijssample
OTHER_LDFLAGS[sdk=iphoneos*]=$(inherited) -weak_framework iAd
OTHER_LDFLAGS[sdk=iphonesimulator*]=$(inherited) -weak_framework iAd
#include "module"

old contents


Generated the following stylecode code:

<?xml version="1.0" encoding="UTF-8"?>
<!DOCTYPE plist PUBLIC "-//Apple//DTD PLIST 1.0//EN" "http://www.apple.com/DTDs/PropertyList-1.0.dtd">
<plist version="1.0">
	<dict>
		<key>classes</key>
		<dict>
</dict>

		<key>classes_density</key>
		<dict>
</dict>

		<key>ids</key>
		<dict>
</dict>

		<key>ids_density</key>
		<dict>
</dict>

		<key>tags</key>
		<dict>
</dict>

		<key>tags_density</key>
		<dict>
</dict>

	</dict>
</plist>
Finishing build
